The target system is: Android - 1 - armv7-a
The host system is: Linux - 6.8.0-87-generic - x86_64
Compiling the C compiler identification source file "CMakeCCompilerId.c" succeeded.
Compiler: /media/jeff/SSD_2/Unity/6000.3.13f1/Editor/Data/PlaybackEngines/AndroidPlayer/NDK/toolchains/llvm/prebuilt/linux-x86_64/bin/clang 
Build flags: -g;-DANDROID;-fdata-sections;-ffunction-sections;-funwind-tables;-fstack-protector-strong;-no-canonical-prefixes;-D__BIONIC_NO_PAGE_SIZE_MACRO;-D_FORTIFY_SOURCE=2;-march=armv7-a;-mthumb;-Wformat;-Werror=format-security;
Id flags: -c;--target=armv7-none-linux-androideabi30 

The output was:
0


Compilation of the C compiler identification source "CMakeCCompilerId.c" produced "CMakeCCompilerId.o"

The C compiler identification is Clang, found in "/media/jeff/SSD_2/Unity/Malleus-Goblinficarium/.utmp/RelWithDebInfo/3np3c113/armeabi-v7a/CMakeFiles/3.22.1/CompilerIdC/CMakeCCompilerId.o"

Compiling the CXX compiler identification source file "CMakeCXXCompilerId.cpp" succeeded.
Compiler: /media/jeff/SSD_2/Unity/6000.3.13f1/Editor/Data/PlaybackEngines/AndroidPlayer/NDK/toolchains/llvm/prebuilt/linux-x86_64/bin/clang++ 
Build flags: -g;-DANDROID;-fdata-sections;-ffunction-sections;-funwind-tables;-fstack-protector-strong;-no-canonical-prefixes;-D__BIONIC_NO_PAGE_SIZE_MACRO;-D_FORTIFY_SOURCE=2;-march=armv7-a;-mthumb;-Wformat;-Werror=format-security;;
Id flags: -c;--target=armv7-none-linux-androideabi30 

The output was:
0


Compilation of the CXX compiler identification source "CMakeCXXCompilerId.cpp" produced "CMakeCXXCompilerId.o"

The CXX compiler identification is Clang, found in "/media/jeff/SSD_2/Unity/Malleus-Goblinficarium/.utmp/RelWithDebInfo/3np3c113/armeabi-v7a/CMakeFiles/3.22.1/CompilerIdCXX/CMakeCXXCompilerId.o"

Detecting C compiler ABI info compiled with the following output:
Change Dir: /media/jeff/SSD_2/Unity/Malleus-Goblinficarium/.utmp/RelWithDebInfo/3np3c113/armeabi-v7a/CMakeFiles/CMakeTmp

Run Build Command(s):/usr/bin/ninja cmTC_11ba3 && [1/2] Building C object CMakeFiles/cmTC_11ba3.dir/CMakeCCompilerABI.c.o
Android (12470979, +pgo, +bolt, +lto, +mlgo, based on r522817c) clang version 18.0.3 (https://android.googlesource.com/toolchain/llvm-project d8003a456d14a3deb8054cdaa529ffbf02d9b262)
Target: armv7-none-linux-android30
Thread model: posix
InstalledDir: /media/jeff/SSD_2/Unity/6000.3.13f1/Editor/Data/PlaybackEngines/AndroidPlayer/NDK/toolchains/llvm/prebuilt/linux-x86_64/bin
 (in-process)
 "/media/jeff/SSD_2/Unity/6000.3.13f1/Editor/Data/PlaybackEngines/AndroidPlayer/NDK/toolchains/llvm/prebuilt/linux-x86_64/bin/clang" -cc1 -triple thumbv7-none-linux-android30 -emit-obj -mrelax-all -disable-free -clear-ast-before-backend -disable-llvm-verifier -discard-value-names -main-file-name CMakeCCompilerABI.c -mrelocation-model pic -pic-level 2 -pic-is-pie -mframe-pointer=all -ffp-contract=on -fno-rounding-math -mconstructor-aliases -funwind-tables=1 -target-cpu generic -target-feature +soft-float-abi -target-feature +vfp2 -target-feature +vfp2sp -target-feature +vfp3 -target-feature +vfp3d16 -target-feature +vfp3d16sp -target-feature +vfp3sp -target-feature -fp16 -target-feature -vfp4 -target-feature -vfp4d16 -target-feature -vfp4d16sp -target-feature -vfp4sp -target-feature -fp-armv8 -target-feature -fp-armv8d16 -target-feature -fp-armv8d16sp -target-feature -fp-armv8sp -target-feature -fullfp16 -target-feature +fp64 -target-feature +d32 -target-feature +neon -target-feature -sha2 -target-feature -aes -target-feature -fp16fml -target-abi aapcs-linux -mfloat-abi soft -debug-info-kind=constructor -dwarf-version=4 -debugger-tuning=gdb -fdebug-compilation-dir=/media/jeff/SSD_2/Unity/Malleus-Goblinficarium/.utmp/RelWithDebInfo/3np3c113/armeabi-v7a/CMakeFiles/CMakeTmp -v -ffunction-sections -fdata-sections -fcoverage-compilation-dir=/media/jeff/SSD_2/Unity/Malleus-Goblinficarium/.utmp/RelWithDebInfo/3np3c113/armeabi-v7a/CMakeFiles/CMakeTmp -resource-dir /media/jeff/SSD_2/Unity/6000.3.13f1/Editor/Data/PlaybackEngines/AndroidPlayer/NDK/toolchains/llvm/prebuilt/linux-x86_64/lib/clang/18 -dependency-file CMakeFiles/cmTC_11ba3.dir/CMakeCCompilerABI.c.o.d -MT CMakeFiles/cmTC_11ba3.dir/CMakeCCompilerABI.c.o -sys-header-deps -D ANDROID -D __BIONIC_NO_PAGE_SIZE_MACRO -D _FORTIFY_SOURCE=2 -isysroot /media/jeff/SSD_2/Unity/6000.3.13f1/Editor/Data/PlaybackEngines/AndroidPlayer/NDK/toolchains/llvm/prebuilt/linux-x86_64/sysroot -internal-isystem /media/jeff/SSD_2/Unity/6000.3.13f1/Editor/Data/PlaybackEngines/AndroidPlayer/NDK/toolchains/llvm/prebuilt/linux-x86_64/lib/clang/18/include -internal-isystem /media/jeff/SSD_2/Unity/6000.3.13f1/Editor/Data/PlaybackEngines/AndroidPlayer/NDK/toolchains/llvm/prebuilt/linux-x86_64/sysroot/usr/local/include -internal-externc-isystem /media/jeff/SSD_2/Unity/6000.3.13f1/Editor/Data/PlaybackEngines/AndroidPlayer/NDK/toolchains/llvm/prebuilt/linux-x86_64/sysroot/usr/include/arm-linux-androideabi -internal-externc-isystem /media/jeff/SSD_2/Unity/6000.3.13f1/Editor/Data/PlaybackEngines/AndroidPlayer/NDK/toolchains/llvm/prebuilt/linux-x86_64/sysroot/include -internal-externc-isystem /media/jeff/SSD_2/Unity/6000.3.13f1/Editor/Data/PlaybackEngines/AndroidPlayer/NDK/toolchains/llvm/prebuilt/linux-x86_64/sysroot/usr/include -Wformat -ferror-limit 19 -stack-protector 2 -fno-signed-char -fgnuc-version=4.2.1 -D__GCC_HAVE_DWARF2_CFI_ASM=1 -o CMakeFiles/cmTC_11ba3.dir/CMakeCCompilerABI.c.o -x c /usr/share/cmake-3.22/Modules/CMakeCCompilerABI.c
clang -cc1 version 18.0.3 based upon LLVM 18.0.3 default target x86_64-unknown-linux-gnu
ignoring nonexistent directory "/media/jeff/SSD_2/Unity/6000.3.13f1/Editor/Data/PlaybackEngines/AndroidPlayer/NDK/toolchains/llvm/prebuilt/linux-x86_64/sysroot/usr/local/include"
ignoring nonexistent directory "/media/jeff/SSD_2/Unity/6000.3.13f1/Editor/Data/PlaybackEngines/AndroidPlayer/NDK/toolchains/llvm/prebuilt/linux-x86_64/sysroot/include"
#include "..." search starts here:
#include <...> search starts here:
 /media/jeff/SSD_2/Unity/6000.3.13f1/Editor/Data/PlaybackEngines/AndroidPlayer/NDK/toolchains/llvm/prebuilt/linux-x86_64/lib/clang/18/include
 /media/jeff/SSD_2/Unity/6000.3.13f1/Editor/Data/PlaybackEngines/AndroidPlayer/NDK/toolchains/llvm/prebuilt/linux-x86_64/sysroot/usr/include/arm-linux-androideabi
 /media/jeff/SSD_2/Unity/6000.3.13f1/Editor/Data/PlaybackEngines/AndroidPlayer/NDK/toolchains/llvm/prebuilt/linux-x86_64/sysroot/usr/include
End of search list.
[2/2] Linking C executable cmTC_11ba3
Android (12470979, +pgo, +bolt, +lto, +mlgo, based on r522817c) clang version 18.0.3 (https://android.googlesource.com/toolchain/llvm-project d8003a456d14a3deb8054cdaa529ffbf02d9b262)
Target: armv7-none-linux-android30
Thread model: posix
InstalledDir: /media/jeff/SSD_2/Unity/6000.3.13f1/Editor/Data/PlaybackEngines/AndroidPlayer/NDK/toolchains/llvm/prebuilt/linux-x86_64/bin
 "/media/jeff/SSD_2/Unity/6000.3.13f1/Editor/Data/PlaybackEngines/AndroidPlayer/NDK/toolchains/llvm/prebuilt/linux-x86_64/bin/ld.lld" --sysroot=/media/jeff/SSD_2/Unity/6000.3.13f1/Editor/Data/PlaybackEngines/AndroidPlayer/NDK/toolchains/llvm/prebuilt/linux-x86_64/sysroot -EL -z now -z relro -z max-page-size=4096 -X --hash-style=gnu --eh-frame-hdr -m armelf_linux_eabi -pie -dynamic-linker /system/bin/linker -o cmTC_11ba3 /media/jeff/SSD_2/Unity/6000.3.13f1/Editor/Data/PlaybackEngines/AndroidPlayer/NDK/toolchains/llvm/prebuilt/linux-x86_64/sysroot/usr/lib/arm-linux-androideabi/30/crtbegin_dynamic.o -L/media/jeff/SSD_2/Unity/6000.3.13f1/Editor/Data/PlaybackEngines/AndroidPlayer/NDK/toolchains/llvm/prebuilt/linux-x86_64/lib/clang/18/lib/linux/arm -L/media/jeff/SSD_2/Unity/6000.3.13f1/Editor/Data/PlaybackEngines/AndroidPlayer/NDK/toolchains/llvm/prebuilt/linux-x86_64/sysroot/usr/lib/arm-linux-androideabi/30 -L/media/jeff/SSD_2/Unity/6000.3.13f1/Editor/Data/PlaybackEngines/AndroidPlayer/NDK/toolchains/llvm/prebuilt/linux-x86_64/sysroot/usr/lib/arm-linux-androideabi -L/media/jeff/SSD_2/Unity/6000.3.13f1/Editor/Data/PlaybackEngines/AndroidPlayer/NDK/toolchains/llvm/prebuilt/linux-x86_64/sysroot/usr/lib/../lib -L/media/jeff/SSD_2/Unity/6000.3.13f1/Editor/Data/PlaybackEngines/AndroidPlayer/NDK/toolchains/llvm/prebuilt/linux-x86_64/sysroot/usr/lib --build-id=sha1 --no-undefined-version --fatal-warnings --no-undefined CMakeFiles/cmTC_11ba3.dir/CMakeCCompilerABI.c.o /media/jeff/SSD_2/Unity/6000.3.13f1/Editor/Data/PlaybackEngines/AndroidPlayer/NDK/toolchains/llvm/prebuilt/linux-x86_64/lib/clang/18/lib/linux/libclang_rt.builtins-arm-android.a -l:libunwind.a -ldl -lc /media/jeff/SSD_2/Unity/6000.3.13f1/Editor/Data/PlaybackEngines/AndroidPlayer/NDK/toolchains/llvm/prebuilt/linux-x86_64/lib/clang/18/lib/linux/libclang_rt.builtins-arm-android.a -l:libunwind.a -ldl /media/jeff/SSD_2/Unity/6000.3.13f1/Editor/Data/PlaybackEngines/AndroidPlayer/NDK/toolchains/llvm/prebuilt/linux-x86_64/sysroot/usr/lib/arm-linux-androideabi/30/crtend_android.o



Parsed C implicit include dir info from above output: rv=done
  found start of include info
  found start of implicit include info
    add: [/media/jeff/SSD_2/Unity/6000.3.13f1/Editor/Data/PlaybackEngines/AndroidPlayer/NDK/toolchains/llvm/prebuilt/linux-x86_64/lib/clang/18/include]
    add: [/media/jeff/SSD_2/Unity/6000.3.13f1/Editor/Data/PlaybackEngines/AndroidPlayer/NDK/toolchains/llvm/prebuilt/linux-x86_64/sysroot/usr/include/arm-linux-androideabi]
    add: [/media/jeff/SSD_2/Unity/6000.3.13f1/Editor/Data/PlaybackEngines/AndroidPlayer/NDK/toolchains/llvm/prebuilt/linux-x86_64/sysroot/usr/include]
  end of search list found
  collapse include dir [/media/jeff/SSD_2/Unity/6000.3.13f1/Editor/Data/PlaybackEngines/AndroidPlayer/NDK/toolchains/llvm/prebuilt/linux-x86_64/lib/clang/18/include] ==> [/media/jeff/SSD_2/Unity/6000.3.13f1/Editor/Data/PlaybackEngines/AndroidPlayer/NDK/toolchains/llvm/prebuilt/linux-x86_64/lib/clang/18/include]
  collapse include dir [/media/jeff/SSD_2/Unity/6000.3.13f1/Editor/Data/PlaybackEngines/AndroidPlayer/NDK/toolchains/llvm/prebuilt/linux-x86_64/sysroot/usr/include/arm-linux-androideabi] ==> [/media/jeff/SSD_2/Unity/6000.3.13f1/Editor/Data/PlaybackEngines/AndroidPlayer/NDK/toolchains/llvm/prebuilt/linux-x86_64/sysroot/usr/include/arm-linux-androideabi]
  collapse include dir [/media/jeff/SSD_2/Unity/6000.3.13f1/Editor/Data/PlaybackEngines/AndroidPlayer/NDK/toolchains/llvm/prebuilt/linux-x86_64/sysroot/usr/include] ==> [/media/jeff/SSD_2/Unity/6000.3.13f1/Editor/Data/PlaybackEngines/AndroidPlayer/NDK/toolchains/llvm/prebuilt/linux-x86_64/sysroot/usr/include]
  implicit include dirs: [/media/jeff/SSD_2/Unity/6000.3.13f1/Editor/Data/PlaybackEngines/AndroidPlayer/NDK/toolchains/llvm/prebuilt/linux-x86_64/lib/clang/18/include;/media/jeff/SSD_2/Unity/6000.3.13f1/Editor/Data/PlaybackEngines/AndroidPlayer/NDK/toolchains/llvm/prebuilt/linux-x86_64/sysroot/usr/include/arm-linux-androideabi;/media/jeff/SSD_2/Unity/6000.3.13f1/Editor/Data/PlaybackEngines/AndroidPlayer/NDK/toolchains/llvm/prebuilt/linux-x86_64/sysroot/usr/include]


Parsed C implicit link information from above output:
  link line regex: [^( *|.*[/\])(ld\.lld|CMAKE_LINK_STARTFILE-NOTFOUND|([^/\]+-)?ld|collect2)[^/\]*( |$)]
  ignore line: [Change Dir: /media/jeff/SSD_2/Unity/Malleus-Goblinficarium/.utmp/RelWithDebInfo/3np3c113/armeabi-v7a/CMakeFiles/CMakeTmp]
  ignore line: []
  ignore line: [Run Build Command(s):/usr/bin/ninja cmTC_11ba3 && [1/2] Building C object CMakeFiles/cmTC_11ba3.dir/CMakeCCompilerABI.c.o]
  ignore line: [Android (12470979  +pgo  +bolt  +lto  +mlgo  based on r522817c) clang version 18.0.3 (https://android.googlesource.com/toolchain/llvm-project d8003a456d14a3deb8054cdaa529ffbf02d9b262)]
  ignore line: [Target: armv7-none-linux-android30]
  ignore line: [Thread model: posix]
  ignore line: [InstalledDir: /media/jeff/SSD_2/Unity/6000.3.13f1/Editor/Data/PlaybackEngines/AndroidPlayer/NDK/toolchains/llvm/prebuilt/linux-x86_64/bin]
  ignore line: [ (in-process)]
  ignore line: [ "/media/jeff/SSD_2/Unity/6000.3.13f1/Editor/Data/PlaybackEngines/AndroidPlayer/NDK/toolchains/llvm/prebuilt/linux-x86_64/bin/clang" -cc1 -triple thumbv7-none-linux-android30 -emit-obj -mrelax-all -disable-free -clear-ast-before-backend -disable-llvm-verifier -discard-value-names -main-file-name CMakeCCompilerABI.c -mrelocation-model pic -pic-level 2 -pic-is-pie -mframe-pointer=all -ffp-contract=on -fno-rounding-math -mconstructor-aliases -funwind-tables=1 -target-cpu generic -target-feature +soft-float-abi -target-feature +vfp2 -target-feature +vfp2sp -target-feature +vfp3 -target-feature +vfp3d16 -target-feature +vfp3d16sp -target-feature +vfp3sp -target-feature -fp16 -target-feature -vfp4 -target-feature -vfp4d16 -target-feature -vfp4d16sp -target-feature -vfp4sp -target-feature -fp-armv8 -target-feature -fp-armv8d16 -target-feature -fp-armv8d16sp -target-feature -fp-armv8sp -target-feature -fullfp16 -target-feature +fp64 -target-feature +d32 -target-feature +neon -target-feature -sha2 -target-feature -aes -target-feature -fp16fml -target-abi aapcs-linux -mfloat-abi soft -debug-info-kind=constructor -dwarf-version=4 -debugger-tuning=gdb -fdebug-compilation-dir=/media/jeff/SSD_2/Unity/Malleus-Goblinficarium/.utmp/RelWithDebInfo/3np3c113/armeabi-v7a/CMakeFiles/CMakeTmp -v -ffunction-sections -fdata-sections -fcoverage-compilation-dir=/media/jeff/SSD_2/Unity/Malleus-Goblinficarium/.utmp/RelWithDebInfo/3np3c113/armeabi-v7a/CMakeFiles/CMakeTmp -resource-dir /media/jeff/SSD_2/Unity/6000.3.13f1/Editor/Data/PlaybackEngines/AndroidPlayer/NDK/toolchains/llvm/prebuilt/linux-x86_64/lib/clang/18 -dependency-file CMakeFiles/cmTC_11ba3.dir/CMakeCCompilerABI.c.o.d -MT CMakeFiles/cmTC_11ba3.dir/CMakeCCompilerABI.c.o -sys-header-deps -D ANDROID -D __BIONIC_NO_PAGE_SIZE_MACRO -D _FORTIFY_SOURCE=2 -isysroot /media/jeff/SSD_2/Unity/6000.3.13f1/Editor/Data/PlaybackEngines/AndroidPlayer/NDK/toolchains/llvm/prebuilt/linux-x86_64/sysroot -internal-isystem /media/jeff/SSD_2/Unity/6000.3.13f1/Editor/Data/PlaybackEngines/AndroidPlayer/NDK/toolchains/llvm/prebuilt/linux-x86_64/lib/clang/18/include -internal-isystem /media/jeff/SSD_2/Unity/6000.3.13f1/Editor/Data/PlaybackEngines/AndroidPlayer/NDK/toolchains/llvm/prebuilt/linux-x86_64/sysroot/usr/local/include -internal-externc-isystem /media/jeff/SSD_2/Unity/6000.3.13f1/Editor/Data/PlaybackEngines/AndroidPlayer/NDK/toolchains/llvm/prebuilt/linux-x86_64/sysroot/usr/include/arm-linux-androideabi -internal-externc-isystem /media/jeff/SSD_2/Unity/6000.3.13f1/Editor/Data/PlaybackEngines/AndroidPlayer/NDK/toolchains/llvm/prebuilt/linux-x86_64/sysroot/include -internal-externc-isystem /media/jeff/SSD_2/Unity/6000.3.13f1/Editor/Data/PlaybackEngines/AndroidPlayer/NDK/toolchains/llvm/prebuilt/linux-x86_64/sysroot/usr/include -Wformat -ferror-limit 19 -stack-protector 2 -fno-signed-char -fgnuc-version=4.2.1 -D__GCC_HAVE_DWARF2_CFI_ASM=1 -o CMakeFiles/cmTC_11ba3.dir/CMakeCCompilerABI.c.o -x c /usr/share/cmake-3.22/Modules/CMakeCCompilerABI.c]
  ignore line: [clang -cc1 version 18.0.3 based upon LLVM 18.0.3 default target x86_64-unknown-linux-gnu]
  ignore line: [ignoring nonexistent directory "/media/jeff/SSD_2/Unity/6000.3.13f1/Editor/Data/PlaybackEngines/AndroidPlayer/NDK/toolchains/llvm/prebuilt/linux-x86_64/sysroot/usr/local/include"]
  ignore line: [ignoring nonexistent directory "/media/jeff/SSD_2/Unity/6000.3.13f1/Editor/Data/PlaybackEngines/AndroidPlayer/NDK/toolchains/llvm/prebuilt/linux-x86_64/sysroot/include"]
  ignore line: [#include "..." search starts here:]
  ignore line: [#include <...> search starts here:]
  ignore line: [ /media/jeff/SSD_2/Unity/6000.3.13f1/Editor/Data/PlaybackEngines/AndroidPlayer/NDK/toolchains/llvm/prebuilt/linux-x86_64/lib/clang/18/include]
  ignore line: [ /media/jeff/SSD_2/Unity/6000.3.13f1/Editor/Data/PlaybackEngines/AndroidPlayer/NDK/toolchains/llvm/prebuilt/linux-x86_64/sysroot/usr/include/arm-linux-androideabi]
  ignore line: [ /media/jeff/SSD_2/Unity/6000.3.13f1/Editor/Data/PlaybackEngines/AndroidPlayer/NDK/toolchains/llvm/prebuilt/linux-x86_64/sysroot/usr/include]
  ignore line: [End of search list.]
  ignore line: [[2/2] Linking C executable cmTC_11ba3]
  ignore line: [Android (12470979  +pgo  +bolt  +lto  +mlgo  based on r522817c) clang version 18.0.3 (https://android.googlesource.com/toolchain/llvm-project d8003a456d14a3deb8054cdaa529ffbf02d9b262)]
  ignore line: [Target: armv7-none-linux-android30]
  ignore line: [Thread model: posix]
  ignore line: [InstalledDir: /media/jeff/SSD_2/Unity/6000.3.13f1/Editor/Data/PlaybackEngines/AndroidPlayer/NDK/toolchains/llvm/prebuilt/linux-x86_64/bin]
  link line: [ "/media/jeff/SSD_2/Unity/6000.3.13f1/Editor/Data/PlaybackEngines/AndroidPlayer/NDK/toolchains/llvm/prebuilt/linux-x86_64/bin/ld.lld" --sysroot=/media/jeff/SSD_2/Unity/6000.3.13f1/Editor/Data/PlaybackEngines/AndroidPlayer/NDK/toolchains/llvm/prebuilt/linux-x86_64/sysroot -EL -z now -z relro -z max-page-size=4096 -X --hash-style=gnu --eh-frame-hdr -m armelf_linux_eabi -pie -dynamic-linker /system/bin/linker -o cmTC_11ba3 /media/jeff/SSD_2/Unity/6000.3.13f1/Editor/Data/PlaybackEngines/AndroidPlayer/NDK/toolchains/llvm/prebuilt/linux-x86_64/sysroot/usr/lib/arm-linux-androideabi/30/crtbegin_dynamic.o -L/media/jeff/SSD_2/Unity/6000.3.13f1/Editor/Data/PlaybackEngines/AndroidPlayer/NDK/toolchains/llvm/prebuilt/linux-x86_64/lib/clang/18/lib/linux/arm -L/media/jeff/SSD_2/Unity/6000.3.13f1/Editor/Data/PlaybackEngines/AndroidPlayer/NDK/toolchains/llvm/prebuilt/linux-x86_64/sysroot/usr/lib/arm-linux-androideabi/30 -L/media/jeff/SSD_2/Unity/6000.3.13f1/Editor/Data/PlaybackEngines/AndroidPlayer/NDK/toolchains/llvm/prebuilt/linux-x86_64/sysroot/usr/lib/arm-linux-androideabi -L/media/jeff/SSD_2/Unity/6000.3.13f1/Editor/Data/PlaybackEngines/AndroidPlayer/NDK/toolchains/llvm/prebuilt/linux-x86_64/sysroot/usr/lib/../lib -L/media/jeff/SSD_2/Unity/6000.3.13f1/Editor/Data/PlaybackEngines/AndroidPlayer/NDK/toolchains/llvm/prebuilt/linux-x86_64/sysroot/usr/lib --build-id=sha1 --no-undefined-version --fatal-warnings --no-undefined CMakeFiles/cmTC_11ba3.dir/CMakeCCompilerABI.c.o /media/jeff/SSD_2/Unity/6000.3.13f1/Editor/Data/PlaybackEngines/AndroidPlayer/NDK/toolchains/llvm/prebuilt/linux-x86_64/lib/clang/18/lib/linux/libclang_rt.builtins-arm-android.a -l:libunwind.a -ldl -lc /media/jeff/SSD_2/Unity/6000.3.13f1/Editor/Data/PlaybackEngines/AndroidPlayer/NDK/toolchains/llvm/prebuilt/linux-x86_64/lib/clang/18/lib/linux/libclang_rt.builtins-arm-android.a -l:libunwind.a -ldl /media/jeff/SSD_2/Unity/6000.3.13f1/Editor/Data/PlaybackEngines/AndroidPlayer/NDK/toolchains/llvm/prebuilt/linux-x86_64/sysroot/usr/lib/arm-linux-androideabi/30/crtend_android.o]
    arg [/media/jeff/SSD_2/Unity/6000.3.13f1/Editor/Data/PlaybackEngines/AndroidPlayer/NDK/toolchains/llvm/prebuilt/linux-x86_64/bin/ld.lld] ==> ignore
    arg [--sysroot=/media/jeff/SSD_2/Unity/6000.3.13f1/Editor/Data/PlaybackEngines/AndroidPlayer/NDK/toolchains/llvm/prebuilt/linux-x86_64/sysroot] ==> ignore
    arg [-EL] ==> ignore
    arg [-znow] ==> ignore
    arg [-zrelro] ==> ignore
    arg [-zmax-page-size=4096] ==> ignore
    arg [-X] ==> ignore
    arg [--hash-style=gnu] ==> ignore
    arg [--eh-frame-hdr] ==> ignore
    arg [-m] ==> ignore
    arg [armelf_linux_eabi] ==> ignore
    arg [-pie] ==> ignore
    arg [-dynamic-linker] ==> ignore
    arg [/system/bin/linker] ==> ignore
    arg [-o] ==> ignore
    arg [cmTC_11ba3] ==> ignore
    arg [/media/jeff/SSD_2/Unity/6000.3.13f1/Editor/Data/PlaybackEngines/AndroidPlayer/NDK/toolchains/llvm/prebuilt/linux-x86_64/sysroot/usr/lib/arm-linux-androideabi/30/crtbegin_dynamic.o] ==> obj [/media/jeff/SSD_2/Unity/6000.3.13f1/Editor/Data/PlaybackEngines/AndroidPlayer/NDK/toolchains/llvm/prebuilt/linux-x86_64/sysroot/usr/lib/arm-linux-androideabi/30/crtbegin_dynamic.o]
    arg [-L/media/jeff/SSD_2/Unity/6000.3.13f1/Editor/Data/PlaybackEngines/AndroidPlayer/NDK/toolchains/llvm/prebuilt/linux-x86_64/lib/clang/18/lib/linux/arm] ==> dir [/media/jeff/SSD_2/Unity/6000.3.13f1/Editor/Data/PlaybackEngines/AndroidPlayer/NDK/toolchains/llvm/prebuilt/linux-x86_64/lib/clang/18/lib/linux/arm]
    arg [-L/media/jeff/SSD_2/Unity/6000.3.13f1/Editor/Data/PlaybackEngines/AndroidPlayer/NDK/toolchains/llvm/prebuilt/linux-x86_64/sysroot/usr/lib/arm-linux-androideabi/30] ==> dir [/media/jeff/SSD_2/Unity/6000.3.13f1/Editor/Data/PlaybackEngines/AndroidPlayer/NDK/toolchains/llvm/prebuilt/linux-x86_64/sysroot/usr/lib/arm-linux-androideabi/30]
    arg [-L/media/jeff/SSD_2/Unity/6000.3.13f1/Editor/Data/PlaybackEngines/AndroidPlayer/NDK/toolchains/llvm/prebuilt/linux-x86_64/sysroot/usr/lib/arm-linux-androideabi] ==> dir [/media/jeff/SSD_2/Unity/6000.3.13f1/Editor/Data/PlaybackEngines/AndroidPlayer/NDK/toolchains/llvm/prebuilt/linux-x86_64/sysroot/usr/lib/arm-linux-androideabi]
    arg [-L/media/jeff/SSD_2/Unity/6000.3.13f1/Editor/Data/PlaybackEngines/AndroidPlayer/NDK/toolchains/llvm/prebuilt/linux-x86_64/sysroot/usr/lib/../lib] ==> dir [/media/jeff/SSD_2/Unity/6000.3.13f1/Editor/Data/PlaybackEngines/AndroidPlayer/NDK/toolchains/llvm/prebuilt/linux-x86_64/sysroot/usr/lib/../lib]
    arg [-L/media/jeff/SSD_2/Unity/6000.3.13f1/Editor/Data/PlaybackEngines/AndroidPlayer/NDK/toolchains/llvm/prebuilt/linux-x86_64/sysroot/usr/lib] ==> dir [/media/jeff/SSD_2/Unity/6000.3.13f1/Editor/Data/PlaybackEngines/AndroidPlayer/NDK/toolchains/llvm/prebuilt/linux-x86_64/sysroot/usr/lib]
    arg [--build-id=sha1] ==> ignore
    arg [--no-undefined-version] ==> ignore
    arg [--fatal-warnings] ==> ignore
    arg [--no-undefined] ==> ignore
    arg [CMakeFiles/cmTC_11ba3.dir/CMakeCCompilerABI.c.o] ==> ignore
    arg [/media/jeff/SSD_2/Unity/6000.3.13f1/Editor/Data/PlaybackEngines/AndroidPlayer/NDK/toolchains/llvm/prebuilt/linux-x86_64/lib/clang/18/lib/linux/libclang_rt.builtins-arm-android.a] ==> lib [/media/jeff/SSD_2/Unity/6000.3.13f1/Editor/Data/PlaybackEngines/AndroidPlayer/NDK/toolchains/llvm/prebuilt/linux-x86_64/lib/clang/18/lib/linux/libclang_rt.builtins-arm-android.a]
    arg [-l:libunwind.a] ==> lib [-l:libunwind.a]
    arg [-ldl] ==> lib [dl]
    arg [-lc] ==> lib [c]
    arg [/media/jeff/SSD_2/Unity/6000.3.13f1/Editor/Data/PlaybackEngines/AndroidPlayer/NDK/toolchains/llvm/prebuilt/linux-x86_64/lib/clang/18/lib/linux/libclang_rt.builtins-arm-android.a] ==> lib [/media/jeff/SSD_2/Unity/6000.3.13f1/Editor/Data/PlaybackEngines/AndroidPlayer/NDK/toolchains/llvm/prebuilt/linux-x86_64/lib/clang/18/lib/linux/libclang_rt.builtins-arm-android.a]
    arg [-l:libunwind.a] ==> lib [-l:libunwind.a]
    arg [-ldl] ==> lib [dl]
    arg [/media/jeff/SSD_2/Unity/6000.3.13f1/Editor/Data/PlaybackEngines/AndroidPlayer/NDK/toolchains/llvm/prebuilt/linux-x86_64/sysroot/usr/lib/arm-linux-androideabi/30/crtend_android.o] ==> obj [/media/jeff/SSD_2/Unity/6000.3.13f1/Editor/Data/PlaybackEngines/AndroidPlayer/NDK/toolchains/llvm/prebuilt/linux-x86_64/sysroot/usr/lib/arm-linux-androideabi/30/crtend_android.o]
  remove lib [/media/jeff/SSD_2/Unity/6000.3.13f1/Editor/Data/PlaybackEngines/AndroidPlayer/NDK/toolchains/llvm/prebuilt/linux-x86_64/lib/clang/18/lib/linux/libclang_rt.builtins-arm-android.a]
  remove lib [/media/jeff/SSD_2/Unity/6000.3.13f1/Editor/Data/PlaybackEngines/AndroidPlayer/NDK/toolchains/llvm/prebuilt/linux-x86_64/lib/clang/18/lib/linux/libclang_rt.builtins-arm-android.a]
  collapse library dir [/media/jeff/SSD_2/Unity/6000.3.13f1/Editor/Data/PlaybackEngines/AndroidPlayer/NDK/toolchains/llvm/prebuilt/linux-x86_64/lib/clang/18/lib/linux/arm] ==> [/media/jeff/SSD_2/Unity/6000.3.13f1/Editor/Data/PlaybackEngines/AndroidPlayer/NDK/toolchains/llvm/prebuilt/linux-x86_64/lib/clang/18/lib/linux/arm]
  collapse library dir [/media/jeff/SSD_2/Unity/6000.3.13f1/Editor/Data/PlaybackEngines/AndroidPlayer/NDK/toolchains/llvm/prebuilt/linux-x86_64/sysroot/usr/lib/arm-linux-androideabi/30] ==> [/media/jeff/SSD_2/Unity/6000.3.13f1/Editor/Data/PlaybackEngines/AndroidPlayer/NDK/toolchains/llvm/prebuilt/linux-x86_64/sysroot/usr/lib/arm-linux-androideabi/30]
  collapse library dir [/media/jeff/SSD_2/Unity/6000.3.13f1/Editor/Data/PlaybackEngines/AndroidPlayer/NDK/toolchains/llvm/prebuilt/linux-x86_64/sysroot/usr/lib/arm-linux-androideabi] ==> [/media/jeff/SSD_2/Unity/6000.3.13f1/Editor/Data/PlaybackEngines/AndroidPlayer/NDK/toolchains/llvm/prebuilt/linux-x86_64/sysroot/usr/lib/arm-linux-androideabi]
  collapse library dir [/media/jeff/SSD_2/Unity/6000.3.13f1/Editor/Data/PlaybackEngines/AndroidPlayer/NDK/toolchains/llvm/prebuilt/linux-x86_64/sysroot/usr/lib/../lib] ==> [/media/jeff/SSD_2/Unity/6000.3.13f1/Editor/Data/PlaybackEngines/AndroidPlayer/NDK/toolchains/llvm/prebuilt/linux-x86_64/sysroot/usr/lib]
  collapse library dir [/media/jeff/SSD_2/Unity/6000.3.13f1/Editor/Data/PlaybackEngines/AndroidPlayer/NDK/toolchains/llvm/prebuilt/linux-x86_64/sysroot/usr/lib] ==> [/media/jeff/SSD_2/Unity/6000.3.13f1/Editor/Data/PlaybackEngines/AndroidPlayer/NDK/toolchains/llvm/prebuilt/linux-x86_64/sysroot/usr/lib]
  implicit libs: [-l:libunwind.a;dl;c;-l:libunwind.a;dl]
  implicit objs: [/media/jeff/SSD_2/Unity/6000.3.13f1/Editor/Data/PlaybackEngines/AndroidPlayer/NDK/toolchains/llvm/prebuilt/linux-x86_64/sysroot/usr/lib/arm-linux-androideabi/30/crtbegin_dynamic.o;/media/jeff/SSD_2/Unity/6000.3.13f1/Editor/Data/PlaybackEngines/AndroidPlayer/NDK/toolchains/llvm/prebuilt/linux-x86_64/sysroot/usr/lib/arm-linux-androideabi/30/crtend_android.o]
  implicit dirs: [/media/jeff/SSD_2/Unity/6000.3.13f1/Editor/Data/PlaybackEngines/AndroidPlayer/NDK/toolchains/llvm/prebuilt/linux-x86_64/lib/clang/18/lib/linux/arm;/media/jeff/SSD_2/Unity/6000.3.13f1/Editor/Data/PlaybackEngines/AndroidPlayer/NDK/toolchains/llvm/prebuilt/linux-x86_64/sysroot/usr/lib/arm-linux-androideabi/30;/media/jeff/SSD_2/Unity/6000.3.13f1/Editor/Data/PlaybackEngines/AndroidPlayer/NDK/toolchains/llvm/prebuilt/linux-x86_64/sysroot/usr/lib/arm-linux-androideabi;/media/jeff/SSD_2/Unity/6000.3.13f1/Editor/Data/PlaybackEngines/AndroidPlayer/NDK/toolchains/llvm/prebuilt/linux-x86_64/sysroot/usr/lib]
  implicit fwks: []


Detecting CXX compiler ABI info compiled with the following output:
Change Dir: /media/jeff/SSD_2/Unity/Malleus-Goblinficarium/.utmp/RelWithDebInfo/3np3c113/armeabi-v7a/CMakeFiles/CMakeTmp

Run Build Command(s):/usr/bin/ninja cmTC_347f3 && [1/2] Building CXX object CMakeFiles/cmTC_347f3.dir/CMakeCXXCompilerABI.cpp.o
Android (12470979, +pgo, +bolt, +lto, +mlgo, based on r522817c) clang version 18.0.3 (https://android.googlesource.com/toolchain/llvm-project d8003a456d14a3deb8054cdaa529ffbf02d9b262)
Target: armv7-none-linux-android30
Thread model: posix
InstalledDir: /media/jeff/SSD_2/Unity/6000.3.13f1/Editor/Data/PlaybackEngines/AndroidPlayer/NDK/toolchains/llvm/prebuilt/linux-x86_64/bin
 (in-process)
 "/media/jeff/SSD_2/Unity/6000.3.13f1/Editor/Data/PlaybackEngines/AndroidPlayer/NDK/toolchains/llvm/prebuilt/linux-x86_64/bin/clang++" -cc1 -triple thumbv7-none-linux-android30 -emit-obj -mrelax-all -disable-free -clear-ast-before-backend -disable-llvm-verifier -discard-value-names -main-file-name CMakeCXXCompilerABI.cpp -mrelocation-model pic -pic-level 2 -pic-is-pie -mframe-pointer=all -ffp-contract=on -fno-rounding-math -mconstructor-aliases -funwind-tables=1 -target-cpu generic -target-feature +soft-float-abi -target-feature +vfp2 -target-feature +vfp2sp -target-feature +vfp3 -target-feature +vfp3d16 -target-feature +vfp3d16sp -target-feature +vfp3sp -target-feature -fp16 -target-feature -vfp4 -target-feature -vfp4d16 -target-feature -vfp4d16sp -target-feature -vfp4sp -target-feature -fp-armv8 -target-feature -fp-armv8d16 -target-feature -fp-armv8d16sp -target-feature -fp-armv8sp -target-feature -fullfp16 -target-feature +fp64 -target-feature +d32 -target-feature +neon -target-feature -sha2 -target-feature -aes -target-feature -fp16fml -target-abi aapcs-linux -mfloat-abi soft -debug-info-kind=constructor -dwarf-version=4 -debugger-tuning=gdb -fdebug-compilation-dir=/media/jeff/SSD_2/Unity/Malleus-Goblinficarium/.utmp/RelWithDebInfo/3np3c113/armeabi-v7a/CMakeFiles/CMakeTmp -v -ffunction-sections -fdata-sections -fcoverage-compilation-dir=/media/jeff/SSD_2/Unity/Malleus-Goblinficarium/.utmp/RelWithDebInfo/3np3c113/armeabi-v7a/CMakeFiles/CMakeTmp -resource-dir /media/jeff/SSD_2/Unity/6000.3.13f1/Editor/Data/PlaybackEngines/AndroidPlayer/NDK/toolchains/llvm/prebuilt/linux-x86_64/lib/clang/18 -dependency-file CMakeFiles/cmTC_347f3.dir/CMakeCXXCompilerABI.cpp.o.d -MT CMakeFiles/cmTC_347f3.dir/CMakeCXXCompilerABI.cpp.o -sys-header-deps -D ANDROID -D __BIONIC_NO_PAGE_SIZE_MACRO -D _FORTIFY_SOURCE=2 -isysroot /media/jeff/SSD_2/Unity/6000.3.13f1/Editor/Data/PlaybackEngines/AndroidPlayer/NDK/toolchains/llvm/prebuilt/linux-x86_64/sysroot -internal-isystem /media/jeff/SSD_2/Unity/6000.3.13f1/Editor/Data/PlaybackEngines/AndroidPlayer/NDK/toolchains/llvm/prebuilt/linux-x86_64/sysroot/usr/include/c++/v1 -internal-isystem /media/jeff/SSD_2/Unity/6000.3.13f1/Editor/Data/PlaybackEngines/AndroidPlayer/NDK/toolchains/llvm/prebuilt/linux-x86_64/lib/clang/18/include -internal-isystem /media/jeff/SSD_2/Unity/6000.3.13f1/Editor/Data/PlaybackEngines/AndroidPlayer/NDK/toolchains/llvm/prebuilt/linux-x86_64/sysroot/usr/local/include -internal-externc-isystem /media/jeff/SSD_2/Unity/6000.3.13f1/Editor/Data/PlaybackEngines/AndroidPlayer/NDK/toolchains/llvm/prebuilt/linux-x86_64/sysroot/usr/include/arm-linux-androideabi -internal-externc-isystem /media/jeff/SSD_2/Unity/6000.3.13f1/Editor/Data/PlaybackEngines/AndroidPlayer/NDK/toolchains/llvm/prebuilt/linux-x86_64/sysroot/include -internal-externc-isystem /media/jeff/SSD_2/Unity/6000.3.13f1/Editor/Data/PlaybackEngines/AndroidPlayer/NDK/toolchains/llvm/prebuilt/linux-x86_64/sysroot/usr/include -Wformat -fdeprecated-macro -ferror-limit 19 -stack-protector 2 -fno-signed-char -fgnuc-version=4.2.1 -fcxx-exceptions -fexceptions -D__GCC_HAVE_DWARF2_CFI_ASM=1 -o CMakeFiles/cmTC_347f3.dir/CMakeCXXCompilerABI.cpp.o -x c++ /usr/share/cmake-3.22/Modules/CMakeCXXCompilerABI.cpp
clang -cc1 version 18.0.3 based upon LLVM 18.0.3 default target x86_64-unknown-linux-gnu
ignoring nonexistent directory "/media/jeff/SSD_2/Unity/6000.3.13f1/Editor/Data/PlaybackEngines/AndroidPlayer/NDK/toolchains/llvm/prebuilt/linux-x86_64/sysroot/usr/local/include"
ignoring nonexistent directory "/media/jeff/SSD_2/Unity/6000.3.13f1/Editor/Data/PlaybackEngines/AndroidPlayer/NDK/toolchains/llvm/prebuilt/linux-x86_64/sysroot/include"
#include "..." search starts here:
#include <...> search starts here:
 /media/jeff/SSD_2/Unity/6000.3.13f1/Editor/Data/PlaybackEngines/AndroidPlayer/NDK/toolchains/llvm/prebuilt/linux-x86_64/sysroot/usr/include/c++/v1
 /media/jeff/SSD_2/Unity/6000.3.13f1/Editor/Data/PlaybackEngines/AndroidPlayer/NDK/toolchains/llvm/prebuilt/linux-x86_64/lib/clang/18/include
 /media/jeff/SSD_2/Unity/6000.3.13f1/Editor/Data/PlaybackEngines/AndroidPlayer/NDK/toolchains/llvm/prebuilt/linux-x86_64/sysroot/usr/include/arm-linux-androideabi
 /media/jeff/SSD_2/Unity/6000.3.13f1/Editor/Data/PlaybackEngines/AndroidPlayer/NDK/toolchains/llvm/prebuilt/linux-x86_64/sysroot/usr/include
End of search list.
[2/2] Linking CXX executable cmTC_347f3
Android (12470979, +pgo, +bolt, +lto, +mlgo, based on r522817c) clang version 18.0.3 (https://android.googlesource.com/toolchain/llvm-project d8003a456d14a3deb8054cdaa529ffbf02d9b262)
Target: armv7-none-linux-android30
Thread model: posix
InstalledDir: /media/jeff/SSD_2/Unity/6000.3.13f1/Editor/Data/PlaybackEngines/AndroidPlayer/NDK/toolchains/llvm/prebuilt/linux-x86_64/bin
 "/media/jeff/SSD_2/Unity/6000.3.13f1/Editor/Data/PlaybackEngines/AndroidPlayer/NDK/toolchains/llvm/prebuilt/linux-x86_64/bin/ld.lld" --sysroot=/media/jeff/SSD_2/Unity/6000.3.13f1/Editor/Data/PlaybackEngines/AndroidPlayer/NDK/toolchains/llvm/prebuilt/linux-x86_64/sysroot -EL -z now -z relro -z max-page-size=4096 -X --hash-style=gnu --eh-frame-hdr -m armelf_linux_eabi -pie -dynamic-linker /system/bin/linker -o cmTC_347f3 /media/jeff/SSD_2/Unity/6000.3.13f1/Editor/Data/PlaybackEngines/AndroidPlayer/NDK/toolchains/llvm/prebuilt/linux-x86_64/sysroot/usr/lib/arm-linux-androideabi/30/crtbegin_dynamic.o -L/media/jeff/SSD_2/Unity/6000.3.13f1/Editor/Data/PlaybackEngines/AndroidPlayer/NDK/toolchains/llvm/prebuilt/linux-x86_64/lib/clang/18/lib/linux/arm -L/media/jeff/SSD_2/Unity/6000.3.13f1/Editor/Data/PlaybackEngines/AndroidPlayer/NDK/toolchains/llvm/prebuilt/linux-x86_64/sysroot/usr/lib/arm-linux-androideabi/30 -L/media/jeff/SSD_2/Unity/6000.3.13f1/Editor/Data/PlaybackEngines/AndroidPlayer/NDK/toolchains/llvm/prebuilt/linux-x86_64/sysroot/usr/lib/arm-linux-androideabi -L/media/jeff/SSD_2/Unity/6000.3.13f1/Editor/Data/PlaybackEngines/AndroidPlayer/NDK/toolchains/llvm/prebuilt/linux-x86_64/sysroot/usr/lib/../lib -L/media/jeff/SSD_2/Unity/6000.3.13f1/Editor/Data/PlaybackEngines/AndroidPlayer/NDK/toolchains/llvm/prebuilt/linux-x86_64/sysroot/usr/lib --build-id=sha1 --no-undefined-version --fatal-warnings --no-undefined CMakeFiles/cmTC_347f3.dir/CMakeCXXCompilerABI.cpp.o -lc++ -lm /media/jeff/SSD_2/Unity/6000.3.13f1/Editor/Data/PlaybackEngines/AndroidPlayer/NDK/toolchains/llvm/prebuilt/linux-x86_64/lib/clang/18/lib/linux/libclang_rt.builtins-arm-android.a -l:libunwind.a -ldl -lc /media/jeff/SSD_2/Unity/6000.3.13f1/Editor/Data/PlaybackEngines/AndroidPlayer/NDK/toolchains/llvm/prebuilt/linux-x86_64/lib/clang/18/lib/linux/libclang_rt.builtins-arm-android.a -l:libunwind.a -ldl /media/jeff/SSD_2/Unity/6000.3.13f1/Editor/Data/PlaybackEngines/AndroidPlayer/NDK/toolchains/llvm/prebuilt/linux-x86_64/sysroot/usr/lib/arm-linux-androideabi/30/crtend_android.o



Parsed CXX implicit include dir info from above output: rv=done
  found start of include info
  found start of implicit include info
    add: [/media/jeff/SSD_2/Unity/6000.3.13f1/Editor/Data/PlaybackEngines/AndroidPlayer/NDK/toolchains/llvm/prebuilt/linux-x86_64/sysroot/usr/include/c++/v1]
    add: [/media/jeff/SSD_2/Unity/6000.3.13f1/Editor/Data/PlaybackEngines/AndroidPlayer/NDK/toolchains/llvm/prebuilt/linux-x86_64/lib/clang/18/include]
    add: [/media/jeff/SSD_2/Unity/6000.3.13f1/Editor/Data/PlaybackEngines/AndroidPlayer/NDK/toolchains/llvm/prebuilt/linux-x86_64/sysroot/usr/include/arm-linux-androideabi]
    add: [/media/jeff/SSD_2/Unity/6000.3.13f1/Editor/Data/PlaybackEngines/AndroidPlayer/NDK/toolchains/llvm/prebuilt/linux-x86_64/sysroot/usr/include]
  end of search list found
  collapse include dir [/media/jeff/SSD_2/Unity/6000.3.13f1/Editor/Data/PlaybackEngines/AndroidPlayer/NDK/toolchains/llvm/prebuilt/linux-x86_64/sysroot/usr/include/c++/v1] ==> [/media/jeff/SSD_2/Unity/6000.3.13f1/Editor/Data/PlaybackEngines/AndroidPlayer/NDK/toolchains/llvm/prebuilt/linux-x86_64/sysroot/usr/include/c++/v1]
  collapse include dir [/media/jeff/SSD_2/Unity/6000.3.13f1/Editor/Data/PlaybackEngines/AndroidPlayer/NDK/toolchains/llvm/prebuilt/linux-x86_64/lib/clang/18/include] ==> [/media/jeff/SSD_2/Unity/6000.3.13f1/Editor/Data/PlaybackEngines/AndroidPlayer/NDK/toolchains/llvm/prebuilt/linux-x86_64/lib/clang/18/include]
  collapse include dir [/media/jeff/SSD_2/Unity/6000.3.13f1/Editor/Data/PlaybackEngines/AndroidPlayer/NDK/toolchains/llvm/prebuilt/linux-x86_64/sysroot/usr/include/arm-linux-androideabi] ==> [/media/jeff/SSD_2/Unity/6000.3.13f1/Editor/Data/PlaybackEngines/AndroidPlayer/NDK/toolchains/llvm/prebuilt/linux-x86_64/sysroot/usr/include/arm-linux-androideabi]
  collapse include dir [/media/jeff/SSD_2/Unity/6000.3.13f1/Editor/Data/PlaybackEngines/AndroidPlayer/NDK/toolchains/llvm/prebuilt/linux-x86_64/sysroot/usr/include] ==> [/media/jeff/SSD_2/Unity/6000.3.13f1/Editor/Data/PlaybackEngines/AndroidPlayer/NDK/toolchains/llvm/prebuilt/linux-x86_64/sysroot/usr/include]
  implicit include dirs: [/media/jeff/SSD_2/Unity/6000.3.13f1/Editor/Data/PlaybackEngines/AndroidPlayer/NDK/toolchains/llvm/prebuilt/linux-x86_64/sysroot/usr/include/c++/v1;/media/jeff/SSD_2/Unity/6000.3.13f1/Editor/Data/PlaybackEngines/AndroidPlayer/NDK/toolchains/llvm/prebuilt/linux-x86_64/lib/clang/18/include;/media/jeff/SSD_2/Unity/6000.3.13f1/Editor/Data/PlaybackEngines/AndroidPlayer/NDK/toolchains/llvm/prebuilt/linux-x86_64/sysroot/usr/include/arm-linux-androideabi;/media/jeff/SSD_2/Unity/6000.3.13f1/Editor/Data/PlaybackEngines/AndroidPlayer/NDK/toolchains/llvm/prebuilt/linux-x86_64/sysroot/usr/include]


Parsed CXX implicit link information from above output:
  link line regex: [^( *|.*[/\])(ld\.lld|CMAKE_LINK_STARTFILE-NOTFOUND|([^/\]+-)?ld|collect2)[^/\]*( |$)]
  ignore line: [Change Dir: /media/jeff/SSD_2/Unity/Malleus-Goblinficarium/.utmp/RelWithDebInfo/3np3c113/armeabi-v7a/CMakeFiles/CMakeTmp]
  ignore line: []
  ignore line: [Run Build Command(s):/usr/bin/ninja cmTC_347f3 && [1/2] Building CXX object CMakeFiles/cmTC_347f3.dir/CMakeCXXCompilerABI.cpp.o]
  ignore line: [Android (12470979  +pgo  +bolt  +lto  +mlgo  based on r522817c) clang version 18.0.3 (https://android.googlesource.com/toolchain/llvm-project d8003a456d14a3deb8054cdaa529ffbf02d9b262)]
  ignore line: [Target: armv7-none-linux-android30]
  ignore line: [Thread model: posix]
  ignore line: [InstalledDir: /media/jeff/SSD_2/Unity/6000.3.13f1/Editor/Data/PlaybackEngines/AndroidPlayer/NDK/toolchains/llvm/prebuilt/linux-x86_64/bin]
  ignore line: [ (in-process)]
  ignore line: [ "/media/jeff/SSD_2/Unity/6000.3.13f1/Editor/Data/PlaybackEngines/AndroidPlayer/NDK/toolchains/llvm/prebuilt/linux-x86_64/bin/clang++" -cc1 -triple thumbv7-none-linux-android30 -emit-obj -mrelax-all -disable-free -clear-ast-before-backend -disable-llvm-verifier -discard-value-names -main-file-name CMakeCXXCompilerABI.cpp -mrelocation-model pic -pic-level 2 -pic-is-pie -mframe-pointer=all -ffp-contract=on -fno-rounding-math -mconstructor-aliases -funwind-tables=1 -target-cpu generic -target-feature +soft-float-abi -target-feature +vfp2 -target-feature +vfp2sp -target-feature +vfp3 -target-feature +vfp3d16 -target-feature +vfp3d16sp -target-feature +vfp3sp -target-feature -fp16 -target-feature -vfp4 -target-feature -vfp4d16 -target-feature -vfp4d16sp -target-feature -vfp4sp -target-feature -fp-armv8 -target-feature -fp-armv8d16 -target-feature -fp-armv8d16sp -target-feature -fp-armv8sp -target-feature -fullfp16 -target-feature +fp64 -target-feature +d32 -target-feature +neon -target-feature -sha2 -target-feature -aes -target-feature -fp16fml -target-abi aapcs-linux -mfloat-abi soft -debug-info-kind=constructor -dwarf-version=4 -debugger-tuning=gdb -fdebug-compilation-dir=/media/jeff/SSD_2/Unity/Malleus-Goblinficarium/.utmp/RelWithDebInfo/3np3c113/armeabi-v7a/CMakeFiles/CMakeTmp -v -ffunction-sections -fdata-sections -fcoverage-compilation-dir=/media/jeff/SSD_2/Unity/Malleus-Goblinficarium/.utmp/RelWithDebInfo/3np3c113/armeabi-v7a/CMakeFiles/CMakeTmp -resource-dir /media/jeff/SSD_2/Unity/6000.3.13f1/Editor/Data/PlaybackEngines/AndroidPlayer/NDK/toolchains/llvm/prebuilt/linux-x86_64/lib/clang/18 -dependency-file CMakeFiles/cmTC_347f3.dir/CMakeCXXCompilerABI.cpp.o.d -MT CMakeFiles/cmTC_347f3.dir/CMakeCXXCompilerABI.cpp.o -sys-header-deps -D ANDROID -D __BIONIC_NO_PAGE_SIZE_MACRO -D _FORTIFY_SOURCE=2 -isysroot /media/jeff/SSD_2/Unity/6000.3.13f1/Editor/Data/PlaybackEngines/AndroidPlayer/NDK/toolchains/llvm/prebuilt/linux-x86_64/sysroot -internal-isystem /media/jeff/SSD_2/Unity/6000.3.13f1/Editor/Data/PlaybackEngines/AndroidPlayer/NDK/toolchains/llvm/prebuilt/linux-x86_64/sysroot/usr/include/c++/v1 -internal-isystem /media/jeff/SSD_2/Unity/6000.3.13f1/Editor/Data/PlaybackEngines/AndroidPlayer/NDK/toolchains/llvm/prebuilt/linux-x86_64/lib/clang/18/include -internal-isystem /media/jeff/SSD_2/Unity/6000.3.13f1/Editor/Data/PlaybackEngines/AndroidPlayer/NDK/toolchains/llvm/prebuilt/linux-x86_64/sysroot/usr/local/include -internal-externc-isystem /media/jeff/SSD_2/Unity/6000.3.13f1/Editor/Data/PlaybackEngines/AndroidPlayer/NDK/toolchains/llvm/prebuilt/linux-x86_64/sysroot/usr/include/arm-linux-androideabi -internal-externc-isystem /media/jeff/SSD_2/Unity/6000.3.13f1/Editor/Data/PlaybackEngines/AndroidPlayer/NDK/toolchains/llvm/prebuilt/linux-x86_64/sysroot/include -internal-externc-isystem /media/jeff/SSD_2/Unity/6000.3.13f1/Editor/Data/PlaybackEngines/AndroidPlayer/NDK/toolchains/llvm/prebuilt/linux-x86_64/sysroot/usr/include -Wformat -fdeprecated-macro -ferror-limit 19 -stack-protector 2 -fno-signed-char -fgnuc-version=4.2.1 -fcxx-exceptions -fexceptions -D__GCC_HAVE_DWARF2_CFI_ASM=1 -o CMakeFiles/cmTC_347f3.dir/CMakeCXXCompilerABI.cpp.o -x c++ /usr/share/cmake-3.22/Modules/CMakeCXXCompilerABI.cpp]
  ignore line: [clang -cc1 version 18.0.3 based upon LLVM 18.0.3 default target x86_64-unknown-linux-gnu]
  ignore line: [ignoring nonexistent directory "/media/jeff/SSD_2/Unity/6000.3.13f1/Editor/Data/PlaybackEngines/AndroidPlayer/NDK/toolchains/llvm/prebuilt/linux-x86_64/sysroot/usr/local/include"]
  ignore line: [ignoring nonexistent directory "/media/jeff/SSD_2/Unity/6000.3.13f1/Editor/Data/PlaybackEngines/AndroidPlayer/NDK/toolchains/llvm/prebuilt/linux-x86_64/sysroot/include"]
  ignore line: [#include "..." search starts here:]
  ignore line: [#include <...> search starts here:]
  ignore line: [ /media/jeff/SSD_2/Unity/6000.3.13f1/Editor/Data/PlaybackEngines/AndroidPlayer/NDK/toolchains/llvm/prebuilt/linux-x86_64/sysroot/usr/include/c++/v1]
  ignore line: [ /media/jeff/SSD_2/Unity/6000.3.13f1/Editor/Data/PlaybackEngines/AndroidPlayer/NDK/toolchains/llvm/prebuilt/linux-x86_64/lib/clang/18/include]
  ignore line: [ /media/jeff/SSD_2/Unity/6000.3.13f1/Editor/Data/PlaybackEngines/AndroidPlayer/NDK/toolchains/llvm/prebuilt/linux-x86_64/sysroot/usr/include/arm-linux-androideabi]
  ignore line: [ /media/jeff/SSD_2/Unity/6000.3.13f1/Editor/Data/PlaybackEngines/AndroidPlayer/NDK/toolchains/llvm/prebuilt/linux-x86_64/sysroot/usr/include]
  ignore line: [End of search list.]
  ignore line: [[2/2] Linking CXX executable cmTC_347f3]
  ignore line: [Android (12470979  +pgo  +bolt  +lto  +mlgo  based on r522817c) clang version 18.0.3 (https://android.googlesource.com/toolchain/llvm-project d8003a456d14a3deb8054cdaa529ffbf02d9b262)]
  ignore line: [Target: armv7-none-linux-android30]
  ignore line: [Thread model: posix]
  ignore line: [InstalledDir: /media/jeff/SSD_2/Unity/6000.3.13f1/Editor/Data/PlaybackEngines/AndroidPlayer/NDK/toolchains/llvm/prebuilt/linux-x86_64/bin]
  link line: [ "/media/jeff/SSD_2/Unity/6000.3.13f1/Editor/Data/PlaybackEngines/AndroidPlayer/NDK/toolchains/llvm/prebuilt/linux-x86_64/bin/ld.lld" --sysroot=/media/jeff/SSD_2/Unity/6000.3.13f1/Editor/Data/PlaybackEngines/AndroidPlayer/NDK/toolchains/llvm/prebuilt/linux-x86_64/sysroot -EL -z now -z relro -z max-page-size=4096 -X --hash-style=gnu --eh-frame-hdr -m armelf_linux_eabi -pie -dynamic-linker /system/bin/linker -o cmTC_347f3 /media/jeff/SSD_2/Unity/6000.3.13f1/Editor/Data/PlaybackEngines/AndroidPlayer/NDK/toolchains/llvm/prebuilt/linux-x86_64/sysroot/usr/lib/arm-linux-androideabi/30/crtbegin_dynamic.o -L/media/jeff/SSD_2/Unity/6000.3.13f1/Editor/Data/PlaybackEngines/AndroidPlayer/NDK/toolchains/llvm/prebuilt/linux-x86_64/lib/clang/18/lib/linux/arm -L/media/jeff/SSD_2/Unity/6000.3.13f1/Editor/Data/PlaybackEngines/AndroidPlayer/NDK/toolchains/llvm/prebuilt/linux-x86_64/sysroot/usr/lib/arm-linux-androideabi/30 -L/media/jeff/SSD_2/Unity/6000.3.13f1/Editor/Data/PlaybackEngines/AndroidPlayer/NDK/toolchains/llvm/prebuilt/linux-x86_64/sysroot/usr/lib/arm-linux-androideabi -L/media/jeff/SSD_2/Unity/6000.3.13f1/Editor/Data/PlaybackEngines/AndroidPlayer/NDK/toolchains/llvm/prebuilt/linux-x86_64/sysroot/usr/lib/../lib -L/media/jeff/SSD_2/Unity/6000.3.13f1/Editor/Data/PlaybackEngines/AndroidPlayer/NDK/toolchains/llvm/prebuilt/linux-x86_64/sysroot/usr/lib --build-id=sha1 --no-undefined-version --fatal-warnings --no-undefined CMakeFiles/cmTC_347f3.dir/CMakeCXXCompilerABI.cpp.o -lc++ -lm /media/jeff/SSD_2/Unity/6000.3.13f1/Editor/Data/PlaybackEngines/AndroidPlayer/NDK/toolchains/llvm/prebuilt/linux-x86_64/lib/clang/18/lib/linux/libclang_rt.builtins-arm-android.a -l:libunwind.a -ldl -lc /media/jeff/SSD_2/Unity/6000.3.13f1/Editor/Data/PlaybackEngines/AndroidPlayer/NDK/toolchains/llvm/prebuilt/linux-x86_64/lib/clang/18/lib/linux/libclang_rt.builtins-arm-android.a -l:libunwind.a -ldl /media/jeff/SSD_2/Unity/6000.3.13f1/Editor/Data/PlaybackEngines/AndroidPlayer/NDK/toolchains/llvm/prebuilt/linux-x86_64/sysroot/usr/lib/arm-linux-androideabi/30/crtend_android.o]
    arg [/media/jeff/SSD_2/Unity/6000.3.13f1/Editor/Data/PlaybackEngines/AndroidPlayer/NDK/toolchains/llvm/prebuilt/linux-x86_64/bin/ld.lld] ==> ignore
    arg [--sysroot=/media/jeff/SSD_2/Unity/6000.3.13f1/Editor/Data/PlaybackEngines/AndroidPlayer/NDK/toolchains/llvm/prebuilt/linux-x86_64/sysroot] ==> ignore
    arg [-EL] ==> ignore
    arg [-znow] ==> ignore
    arg [-zrelro] ==> ignore
    arg [-zmax-page-size=4096] ==> ignore
    arg [-X] ==> ignore
    arg [--hash-style=gnu] ==> ignore
    arg [--eh-frame-hdr] ==> ignore
    arg [-m] ==> ignore
    arg [armelf_linux_eabi] ==> ignore
    arg [-pie] ==> ignore
    arg [-dynamic-linker] ==> ignore
    arg [/system/bin/linker] ==> ignore
    arg [-o] ==> ignore
    arg [cmTC_347f3] ==> ignore
    arg [/media/jeff/SSD_2/Unity/6000.3.13f1/Editor/Data/PlaybackEngines/AndroidPlayer/NDK/toolchains/llvm/prebuilt/linux-x86_64/sysroot/usr/lib/arm-linux-androideabi/30/crtbegin_dynamic.o] ==> obj [/media/jeff/SSD_2/Unity/6000.3.13f1/Editor/Data/PlaybackEngines/AndroidPlayer/NDK/toolchains/llvm/prebuilt/linux-x86_64/sysroot/usr/lib/arm-linux-androideabi/30/crtbegin_dynamic.o]
    arg [-L/media/jeff/SSD_2/Unity/6000.3.13f1/Editor/Data/PlaybackEngines/AndroidPlayer/NDK/toolchains/llvm/prebuilt/linux-x86_64/lib/clang/18/lib/linux/arm] ==> dir [/media/jeff/SSD_2/Unity/6000.3.13f1/Editor/Data/PlaybackEngines/AndroidPlayer/NDK/toolchains/llvm/prebuilt/linux-x86_64/lib/clang/18/lib/linux/arm]
    arg [-L/media/jeff/SSD_2/Unity/6000.3.13f1/Editor/Data/PlaybackEngines/AndroidPlayer/NDK/toolchains/llvm/prebuilt/linux-x86_64/sysroot/usr/lib/arm-linux-androideabi/30] ==> dir [/media/jeff/SSD_2/Unity/6000.3.13f1/Editor/Data/PlaybackEngines/AndroidPlayer/NDK/toolchains/llvm/prebuilt/linux-x86_64/sysroot/usr/lib/arm-linux-androideabi/30]
    arg [-L/media/jeff/SSD_2/Unity/6000.3.13f1/Editor/Data/PlaybackEngines/AndroidPlayer/NDK/toolchains/llvm/prebuilt/linux-x86_64/sysroot/usr/lib/arm-linux-androideabi] ==> dir [/media/jeff/SSD_2/Unity/6000.3.13f1/Editor/Data/PlaybackEngines/AndroidPlayer/NDK/toolchains/llvm/prebuilt/linux-x86_64/sysroot/usr/lib/arm-linux-androideabi]
    arg [-L/media/jeff/SSD_2/Unity/6000.3.13f1/Editor/Data/PlaybackEngines/AndroidPlayer/NDK/toolchains/llvm/prebuilt/linux-x86_64/sysroot/usr/lib/../lib] ==> dir [/media/jeff/SSD_2/Unity/6000.3.13f1/Editor/Data/PlaybackEngines/AndroidPlayer/NDK/toolchains/llvm/prebuilt/linux-x86_64/sysroot/usr/lib/../lib]
    arg [-L/media/jeff/SSD_2/Unity/6000.3.13f1/Editor/Data/PlaybackEngines/AndroidPlayer/NDK/toolchains/llvm/prebuilt/linux-x86_64/sysroot/usr/lib] ==> dir [/media/jeff/SSD_2/Unity/6000.3.13f1/Editor/Data/PlaybackEngines/AndroidPlayer/NDK/toolchains/llvm/prebuilt/linux-x86_64/sysroot/usr/lib]
    arg [--build-id=sha1] ==> ignore
    arg [--no-undefined-version] ==> ignore
    arg [--fatal-warnings] ==> ignore
    arg [--no-undefined] ==> ignore
    arg [CMakeFiles/cmTC_347f3.dir/CMakeCXXCompilerABI.cpp.o] ==> ignore
    arg [-lc++] ==> lib [c++]
    arg [-lm] ==> lib [m]
    arg [/media/jeff/SSD_2/Unity/6000.3.13f1/Editor/Data/PlaybackEngines/AndroidPlayer/NDK/toolchains/llvm/prebuilt/linux-x86_64/lib/clang/18/lib/linux/libclang_rt.builtins-arm-android.a] ==> lib [/media/jeff/SSD_2/Unity/6000.3.13f1/Editor/Data/PlaybackEngines/AndroidPlayer/NDK/toolchains/llvm/prebuilt/linux-x86_64/lib/clang/18/lib/linux/libclang_rt.builtins-arm-android.a]
    arg [-l:libunwind.a] ==> lib [-l:libunwind.a]
    arg [-ldl] ==> lib [dl]
    arg [-lc] ==> lib [c]
    arg [/media/jeff/SSD_2/Unity/6000.3.13f1/Editor/Data/PlaybackEngines/AndroidPlayer/NDK/toolchains/llvm/prebuilt/linux-x86_64/lib/clang/18/lib/linux/libclang_rt.builtins-arm-android.a] ==> lib [/media/jeff/SSD_2/Unity/6000.3.13f1/Editor/Data/PlaybackEngines/AndroidPlayer/NDK/toolchains/llvm/prebuilt/linux-x86_64/lib/clang/18/lib/linux/libclang_rt.builtins-arm-android.a]
    arg [-l:libunwind.a] ==> lib [-l:libunwind.a]
    arg [-ldl] ==> lib [dl]
    arg [/media/jeff/SSD_2/Unity/6000.3.13f1/Editor/Data/PlaybackEngines/AndroidPlayer/NDK/toolchains/llvm/prebuilt/linux-x86_64/sysroot/usr/lib/arm-linux-androideabi/30/crtend_android.o] ==> obj [/media/jeff/SSD_2/Unity/6000.3.13f1/Editor/Data/PlaybackEngines/AndroidPlayer/NDK/toolchains/llvm/prebuilt/linux-x86_64/sysroot/usr/lib/arm-linux-androideabi/30/crtend_android.o]
  remove lib [/media/jeff/SSD_2/Unity/6000.3.13f1/Editor/Data/PlaybackEngines/AndroidPlayer/NDK/toolchains/llvm/prebuilt/linux-x86_64/lib/clang/18/lib/linux/libclang_rt.builtins-arm-android.a]
  remove lib [/media/jeff/SSD_2/Unity/6000.3.13f1/Editor/Data/PlaybackEngines/AndroidPlayer/NDK/toolchains/llvm/prebuilt/linux-x86_64/lib/clang/18/lib/linux/libclang_rt.builtins-arm-android.a]
  collapse library dir [/media/jeff/SSD_2/Unity/6000.3.13f1/Editor/Data/PlaybackEngines/AndroidPlayer/NDK/toolchains/llvm/prebuilt/linux-x86_64/lib/clang/18/lib/linux/arm] ==> [/media/jeff/SSD_2/Unity/6000.3.13f1/Editor/Data/PlaybackEngines/AndroidPlayer/NDK/toolchains/llvm/prebuilt/linux-x86_64/lib/clang/18/lib/linux/arm]
  collapse library dir [/media/jeff/SSD_2/Unity/6000.3.13f1/Editor/Data/PlaybackEngines/AndroidPlayer/NDK/toolchains/llvm/prebuilt/linux-x86_64/sysroot/usr/lib/arm-linux-androideabi/30] ==> [/media/jeff/SSD_2/Unity/6000.3.13f1/Editor/Data/PlaybackEngines/AndroidPlayer/NDK/toolchains/llvm/prebuilt/linux-x86_64/sysroot/usr/lib/arm-linux-androideabi/30]
  collapse library dir [/media/jeff/SSD_2/Unity/6000.3.13f1/Editor/Data/PlaybackEngines/AndroidPlayer/NDK/toolchains/llvm/prebuilt/linux-x86_64/sysroot/usr/lib/arm-linux-androideabi] ==> [/media/jeff/SSD_2/Unity/6000.3.13f1/Editor/Data/PlaybackEngines/AndroidPlayer/NDK/toolchains/llvm/prebuilt/linux-x86_64/sysroot/usr/lib/arm-linux-androideabi]
  collapse library dir [/media/jeff/SSD_2/Unity/6000.3.13f1/Editor/Data/PlaybackEngines/AndroidPlayer/NDK/toolchains/llvm/prebuilt/linux-x86_64/sysroot/usr/lib/../lib] ==> [/media/jeff/SSD_2/Unity/6000.3.13f1/Editor/Data/PlaybackEngines/AndroidPlayer/NDK/toolchains/llvm/prebuilt/linux-x86_64/sysroot/usr/lib]
  collapse library dir [/media/jeff/SSD_2/Unity/6000.3.13f1/Editor/Data/PlaybackEngines/AndroidPlayer/NDK/toolchains/llvm/prebuilt/linux-x86_64/sysroot/usr/lib] ==> [/media/jeff/SSD_2/Unity/6000.3.13f1/Editor/Data/PlaybackEngines/AndroidPlayer/NDK/toolchains/llvm/prebuilt/linux-x86_64/sysroot/usr/lib]
  implicit libs: [c++;m;-l:libunwind.a;dl;c;-l:libunwind.a;dl]
  implicit objs: [/media/jeff/SSD_2/Unity/6000.3.13f1/Editor/Data/PlaybackEngines/AndroidPlayer/NDK/toolchains/llvm/prebuilt/linux-x86_64/sysroot/usr/lib/arm-linux-androideabi/30/crtbegin_dynamic.o;/media/jeff/SSD_2/Unity/6000.3.13f1/Editor/Data/PlaybackEngines/AndroidPlayer/NDK/toolchains/llvm/prebuilt/linux-x86_64/sysroot/usr/lib/arm-linux-androideabi/30/crtend_android.o]
  implicit dirs: [/media/jeff/SSD_2/Unity/6000.3.13f1/Editor/Data/PlaybackEngines/AndroidPlayer/NDK/toolchains/llvm/prebuilt/linux-x86_64/lib/clang/18/lib/linux/arm;/media/jeff/SSD_2/Unity/6000.3.13f1/Editor/Data/PlaybackEngines/AndroidPlayer/NDK/toolchains/llvm/prebuilt/linux-x86_64/sysroot/usr/lib/arm-linux-androideabi/30;/media/jeff/SSD_2/Unity/6000.3.13f1/Editor/Data/PlaybackEngines/AndroidPlayer/NDK/toolchains/llvm/prebuilt/linux-x86_64/sysroot/usr/lib/arm-linux-androideabi;/media/jeff/SSD_2/Unity/6000.3.13f1/Editor/Data/PlaybackEngines/AndroidPlayer/NDK/toolchains/llvm/prebuilt/linux-x86_64/sysroot/usr/lib]
  implicit fwks: []


